{"meta": {"format": 3, "version": "7.11.0", "timestamp": "2025-11-02T21:37:00.939877", "branch_coverage": false, "show_contexts": false}, "files": {"src/__init__.py": {"executed_lines": [1], "summary": {"covered_lines": 1, "num_statements": 1, "percent_covered": 100.0, "percent_covered_display": "100", "missing_lines": 0, "excluded_lines": 0}, "missing_lines": [], "excluded_lines": [], "functions": {"": {"executed_lines": [1], "summary": {"covered_lines": 1, "num_statements": 1, "percent_covered": 100.0, "percent_covered_display": "100", "missing_lines": 0, "excluded_lines": 0}, "missing_lines": [], "excluded_lines": []}}, "classes": {"": {"executed_lines": [1], "summary": {"covered_lines": 1, "num_statements": 1, "percent_covered": 100.0, "percent_covered_display": "100", "missing_lines": 0, "excluded_lines": 0}, "missing_lines": [], "excluded_lines": []}}}, "src/analyzer.py": {"executed_lines": [1, 2, 4, 5, 7, 10, 11, 49, 75, 77, 78, 94, 194, 258, 329, 377], "summary": {"covered_lines": 15, "num_statements": 55, "percent_covered": 27.272727272727273, "percent_covered_display": "27", "missing_lines": 40, "excluded_lines": 0}, "missing_lines": [90, 91, 92, 142, 145, 154, 155, 156, 157, 158, 161, 162, 171, 172, 173, 174, 192, 228, 229, 230, 231, 232, 233, 245, 246, 252, 294, 295, 296, 297, 308, 309, 310, 315, 362, 363, 364, 411, 412, 417], "excluded_lines": [], "functions": {"MovieAnalyzer.__init__": {"executed_lines": [75], "summary": {"covered_lines": 1, "num_statements": 1, "percent_covered": 100.0, "percent_covered_display": "100", "missing_lines": 0, "excluded_lines": 0}, "missing_lines": [], "excluded_lines": []}, "MovieAnalyzer.global_mean": {"executed_lines": [], "summary": {"covered_lines": 0, "num_statements": 3, "percent_covered": 0.0, "percent_covered_display": "0", "missing_lines": 3, "excluded_lines": 0}, "missing_lines": [90, 91, 92], "excluded_lines": []}, "MovieAnalyzer.get_top_movies": {"executed_lines": [], "summary": {"covered_lines": 0, "num_statements": 14, "percent_covered": 0.0, "percent_covered_display": "0", "missing_lines": 14, "excluded_lines": 0}, "missing_lines": [142, 145, 154, 155, 156, 157, 158, 161, 162, 171, 172, 173, 174, 192], "excluded_lines": []}, "MovieAnalyzer.analyze_genre_trends": {"executed_lines": [], "summary": {"covered_lines": 0, "num_statements": 9, "percent_covered": 0.0, "percent_covered_display": "0", "missing_lines": 9, "excluded_lines": 0}, "missing_lines": [228, 229, 230, 231, 232, 233, 245, 246, 252], "excluded_lines": []}, "MovieAnalyzer.generate_time_series_analysis": {"executed_lines": [], "summary": {"covered_lines": 0, "num_statements": 8, "percent_covered": 0.0, "percent_covered_display": "0", "missing_lines": 8, "excluded_lines": 0}, "missing_lines": [294, 295, 296, 297, 308, 309, 310, 315], "excluded_lines": []}, "MovieAnalyzer.get_rating_distribution": {"executed_lines": [], "summary": {"covered_lines": 0, "num_statements": 3, "percent_covered": 0.0, "percent_covered_display": "0", "missing_lines": 3, "excluded_lines": 0}, "missing_lines": [362, 363, 364], "excluded_lines": []}, "MovieAnalyzer.get_user_behavior_stats": {"executed_lines": [], "summary": {"covered_lines": 0, "num_statements": 3, "percent_covered": 0.0, "percent_covered_display": "0", "missing_lines": 3, "excluded_lines": 0}, "missing_lines": [411, 412, 417], "excluded_lines": []}, "": {"executed_lines": [1, 2, 4, 5, 7, 10, 11, 49, 77, 78, 94, 194, 258, 329, 377], "summary": {"covered_lines": 14, "num_statements": 14, "percent_covered": 100.0, "percent_covered_display": "100", "missing_lines": 0, "excluded_lines": 0}, "missing_lines": [], "excluded_lines": []}}, "classes": {"MovieAnalyzer": {"executed_lines": [75], "summary": {"covered_lines": 1, "num_statements": 41, "percent_covered": 2.4390243902439024, "percent_covered_display": "2", "missing_lines": 40, "excluded_lines": 0}, "missing_lines": [90, 91, 92, 142, 145, 154, 155, 156, 157, 158, 161, 162, 171, 172, 173, 174, 192, 228, 229, 230, 231, 232, 233, 245, 246, 252, 294, 295, 296, 297, 308, 309, 310, 315, 362, 363, 364, 411, 412, 417], "excluded_lines": []}, "": {"executed_lines": [1, 2, 4, 5, 7, 10, 11, 49, 77, 78, 94, 194, 258, 329, 377], "summary": {"covered_lines": 14, "num_statements": 14, "percent_covered": 100.0, "percent_covered_display": "100", "missing_lines": 0, "excluded_lines": 0}, "missing_lines": [], "excluded_lines": []}}}, "src/data_loader.py": {"executed_lines": [1, 2, 3, 4, 5, 7, 9, 12, 13, 45, 50, 71, 72, 73, 75, 119, 156], "summary": {"covered_lines": 16, "num_statements": 53, "percent_covered": 30.18867924528302, "percent_covered_display": "30", "missing_lines": 37, "excluded_lines": 0}, "missing_lines": [107, 108, 109, 110, 111, 112, 113, 114, 115, 117, 139, 140, 141, 142, 143, 144, 145, 146, 147, 148, 149, 150, 151, 152, 153, 154, 181, 182, 183, 184, 185, 186, 187, 188, 189, 192, 193], "excluded_lines": [], "functions": {"DataLoader.__init__": {"executed_lines": [71, 72, 73], "summary": {"covered_lines": 3, "num_statements": 3, "percent_covered": 100.0, "percent_covered_display": "100", "missing_lines": 0, "excluded_lines": 0}, "missing_lines": [], "excluded_lines": []}, "DataLoader.load_or_download": {"executed_lines": [], "summary": {"covered_lines": 0, "num_statements": 10, "percent_covered": 0.0, "percent_covered_display": "0", "missing_lines": 10, "excluded_lines": 0}, "missing_lines": [107, 108, 109, 110, 111, 112, 113, 114, 115, 117], "excluded_lines": []}, "DataLoader._load_from_grouplens": {"executed_lines": [], "summary": {"covered_lines": 0, "num_statements": 16, "percent_covered": 0.0, "percent_covered_display": "0", "missing_lines": 16, "excluded_lines": 0}, "missing_lines": [139, 140, 141, 142, 143, 144, 145, 146, 147, 148, 149, 150, 151, 152, 153, 154], "excluded_lines": []}, "DataLoader._load_from_huggingface": {"executed_lines": [], "summary": {"covered_lines": 0, "num_statements": 11, "percent_covered": 0.0, "percent_covered_display": "0", "missing_lines": 11, "excluded_lines": 0}, "missing_lines": [181, 182, 183, 184, 185, 186, 187, 188, 189, 192, 193], "excluded_lines": []}, "": {"executed_lines": [1, 2, 3, 4, 5, 7, 9, 12, 13, 45, 50, 75, 119, 156], "summary": {"covered_lines": 13, "num_statements": 13, "percent_covered": 100.0, "percent_covered_display": "100", "missing_lines": 0, "excluded_lines": 0}, "missing_lines": [], "excluded_lines": []}}, "classes": {"DataLoader": {"executed_lines": [71, 72, 73], "summary": {"covered_lines": 3, "num_statements": 40, "percent_covered": 7.5, "percent_covered_display": "8", "missing_lines": 37, "excluded_lines": 0}, "missing_lines": [107, 108, 109, 110, 111, 112, 113, 114, 115, 117, 139, 140, 141, 142, 143, 144, 145, 146, 147, 148, 149, 150, 151, 152, 153, 154, 181, 182, 183, 184, 185, 186, 187, 188, 189, 192, 193], "excluded_lines": []}, "": {"executed_lines": [1, 2, 3, 4, 5, 7, 9, 12, 13, 45, 50, 75, 119, 156], "summary": {"covered_lines": 13, "num_statements": 13, "percent_covered": 100.0, "percent_covered_display": "100", "missing_lines": 0, "excluded_lines": 0}, "missing_lines": [], "excluded_lines": []}}}, "src/data_processor.py": {"executed_lines": [1, 2, 4, 6, 9, 10, 42, 94, 148], "summary": {"covered_lines": 8, "num_statements": 38, "percent_covered": 21.05263157894737, "percent_covered_display": "21", "missing_lines": 30, "excluded_lines": 0}, "missing_lines": [81, 82, 83, 84, 85, 86, 87, 88, 89, 90, 91, 92, 132, 133, 134, 135, 136, 137, 138, 139, 140, 141, 142, 145, 146, 187, 188, 189, 192, 195], "excluded_lines": [], "functions": {"DataProcessor.clean_movies": {"executed_lines": [], "summary": {"covered_lines": 0, "num_statements": 12, "percent_covered": 0.0, "percent_covered_display": "0", "missing_lines": 12, "excluded_lines": 0}, "missing_lines": [81, 82, 83, 84, 85, 86, 87, 88, 89, 90, 91, 92], "excluded_lines": []}, "DataProcessor.clean_ratings": {"executed_lines": [], "summary": {"covered_lines": 0, "num_statements": 13, "percent_covered": 0.0, "percent_covered_display": "0", "missing_lines": 13, "excluded_lines": 0}, "missing_lines": [132, 133, 134, 135, 136, 137, 138, 139, 140, 141, 142, 145, 146], "excluded_lines": []}, "DataProcessor.save_parquet": {"executed_lines": [], "summary": {"covered_lines": 0, "num_statements": 5, "percent_covered": 0.0, "percent_covered_display": "0", "missing_lines": 5, "excluded_lines": 0}, "missing_lines": [187, 188, 189, 192, 195], "excluded_lines": []}, "": {"executed_lines": [1, 2, 4, 6, 9, 10, 42, 94, 148], "summary": {"covered_lines": 8, "num_statements": 8, "percent_covered": 100.0, "percent_covered_display": "100", "missing_lines": 0, "excluded_lines": 0}, "missing_lines": [], "excluded_lines": []}}, "classes": {"DataProcessor": {"executed_lines": [], "summary": {"covered_lines": 0, "num_statements": 30, "percent_covered": 0.0, "percent_covered_display": "0", "missing_lines": 30, "excluded_lines": 0}, "missing_lines": [81, 82, 83, 84, 85, 86, 87, 88, 89, 90, 91, 92, 132, 133, 134, 135, 136, 137, 138, 139, 140, 141, 142, 145, 146, 187, 188, 189, 192, 195], "excluded_lines": []}, "": {"executed_lines": [1, 2, 4, 6, 9, 10, 42, 94, 148], "summary": {"covered_lines": 8, "num_statements": 8, "percent_covered": 100.0, "percent_covered_display": "100", "missing_lines": 0, "excluded_lines": 0}, "missing_lines": [], "excluded_lines": []}}}, "src/report_generator.py": {"executed_lines": [], "summary": {"covered_lines": 0, "num_statements": 56, "percent_covered": 0.0, "percent_covered_display": "0", "missing_lines": 56, "excluded_lines": 0}, "missing_lines": [1, 2, 3, 4, 5, 7, 10, 11, 12, 13, 15, 16, 17, 18, 19, 20, 22, 23, 25, 26, 27, 38, 42, 43, 44, 46, 47, 48, 49, 50, 51, 52, 53, 61, 62, 63, 67, 68, 69, 70, 71, 72, 73, 79, 80, 81, 82, 91, 92, 101, 102, 103, 104, 105, 106, 109], "excluded_lines": [], "functions": {"ReportGenerator.__init__": {"executed_lines": [], "summary": {"covered_lines": 0, "num_statements": 2, "percent_covered": 0.0, "percent_covered_display": "0", "missing_lines": 2, "excluded_lines": 0}, "missing_lines": [12, 13], "excluded_lines": []}, "ReportGenerator.generate_html_report": {"executed_lines": [], "summary": {"covered_lines": 0, "num_statements": 13, "percent_covered": 0.0, "percent_covered_display": "0", "missing_lines": 13, "excluded_lines": 0}, "missing_lines": [16, 17, 18, 19, 20, 22, 25, 26, 27, 38, 42, 43, 44], "excluded_lines": []}, "ReportGenerator.generate_html_report.enc": {"executed_lines": [], "summary": {"covered_lines": 0, "num_statements": 1, "percent_covered": 0.0, "percent_covered_display": "0", "missing_lines": 1, "excluded_lines": 0}, "missing_lines": [23], "excluded_lines": []}, "ReportGenerator.generate_pdf_summary": {"executed_lines": [], "summary": {"covered_lines": 0, "num_statements": 30, "percent_covered": 0.0, "percent_covered_display": "0", "missing_lines": 30, "excluded_lines": 0}, "missing_lines": [47, 48, 49, 50, 51, 52, 53, 61, 62, 63, 67, 68, 69, 70, 71, 72, 73, 79, 80, 81, 82, 91, 92, 101, 102, 103, 104, 105, 106, 109], "excluded_lines": []}, "": {"executed_lines": [], "summary": {"covered_lines": 0, "num_statements": 10, "percent_covered": 0.0, "percent_covered_display": "0", "missing_lines": 10, "excluded_lines": 0}, "missing_lines": [1, 2, 3, 4, 5, 7, 10, 11, 15, 46], "excluded_lines": []}}, "classes": {"ReportGenerator": {"executed_lines": [], "summary": {"covered_lines": 0, "num_statements": 46, "percent_covered": 0.0, "percent_covered_display": "0", "missing_lines": 46, "excluded_lines": 0}, "missing_lines": [12, 13, 16, 17, 18, 19, 20, 22, 23, 25, 26, 27, 38, 42, 43, 44, 47, 48, 49, 50, 51, 52, 53, 61, 62, 63, 67, 68, 69, 70, 71, 72, 73, 79, 80, 81, 82, 91, 92, 101, 102, 103, 104, 105, 106, 109], "excluded_lines": []}, "": {"executed_lines": [], "summary": {"covered_lines": 0, "num_statements": 10, "percent_covered": 0.0, "percent_covered_display": "0", "missing_lines": 10, "excluded_lines": 0}, "missing_lines": [1, 2, 3, 4, 5, 7, 10, 11, 15, 46], "excluded_lines": []}}}, "src/visualizer.py": {"executed_lines": [1, 2, 3, 5, 6, 7, 8, 10, 11, 12, 13, 14, 17, 18, 49, 60, 61, 63, 64, 65, 66, 104, 105, 106, 107, 109, 110, 117, 118, 119, 145, 146, 147, 149, 187, 242, 243, 244, 245, 285, 325, 365, 405, 576, 727], "summary": {"covered_lines": 44, "num_statements": 396, "percent_covered": 11.11111111111111, "percent_covered_display": "11", "missing_lines": 352, "excluded_lines": 0}, "missing_lines": [67, 68, 69, 70, 71, 72, 73, 74, 75, 76, 87, 96, 97, 98, 99, 100, 101, 102, 111, 112, 113, 114, 115, 116, 120, 121, 127, 128, 129, 130, 131, 132, 139, 140, 141, 142, 143, 150, 151, 152, 153, 154, 155, 156, 157, 158, 167, 168, 169, 170, 171, 172, 173, 181, 182, 183, 184, 185, 188, 189, 191, 192, 193, 194, 195, 196, 197, 198, 199, 200, 201, 207, 210, 211, 212, 213, 214, 215, 223, 229, 230, 231, 232, 233, 234, 235, 236, 237, 238, 239, 240, 246, 247, 248, 249, 257, 258, 268, 277, 278, 279, 280, 281, 282, 283, 286, 287, 292, 293, 294, 295, 304, 305, 307, 308, 316, 317, 318, 319, 320, 321, 322, 323, 326, 327, 329, 330, 331, 332, 333, 334, 335, 336, 337, 338, 339, 340, 341, 342, 343, 352, 353, 354, 355, 356, 357, 358, 359, 360, 361, 362, 363, 366, 367, 377, 378, 379, 380, 381, 382, 383, 384, 385, 386, 387, 398, 399, 400, 401, 402, 403, 407, 410, 413, 427, 429, 432, 435, 436, 437, 438, 445, 452, 459, 466, 467, 468, 469, 470, 473, 477, 478, 479, 480, 481, 484, 485, 486, 487, 488, 489, 492, 493, 494, 503, 504, 507, 515, 516, 517, 518, 521, 522, 523, 528, 529, 532, 535, 536, 537, 538, 539, 540, 543, 544, 547, 550, 551, 552, 553, 554, 557, 558, 559, 562, 568, 570, 571, 572, 573, 574, 578, 580, 583, 584, 585, 587, 590, 591, 592, 595, 598, 607, 609, 617, 618, 619, 622, 627, 629, 638, 639, 640, 644, 645, 647, 652, 656, 664, 665, 666, 670, 673, 674, 675, 678, 679, 682, 683, 684, 685, 686, 687, 688, 690, 691, 692, 695, 696, 707, 708, 709, 711, 719, 721, 722, 723, 724, 725, 729, 731, 732, 735, 736, 737, 739, 742, 743, 745, 746, 753, 757, 758, 759, 760, 762, 768, 769, 770, 771, 774, 775, 784, 787, 788, 791, 793, 794, 800, 801, 809, 812, 813, 815, 816, 817, 819, 820, 823, 824, 825, 826, 827, 830, 831, 839, 847, 849, 850, 851, 852, 853], "excluded_lines": [], "functions": {"InsightsVisualizer.__init__": {"executed_lines": [60, 61], "summary": {"covered_lines": 2, "num_statements": 2, "percent_covered": 100.0, "percent_covered_display": "100", "missing_lines": 0, "excluded_lines": 0}, "missing_lines": [], "excluded_lines": []}, "InsightsVisualizer.plot_rating_distribution": {"executed_lines": [64, 65, 66], "summary": {"covered_lines": 3, "num_statements": 21, "percent_covered": 14.285714285714286, "percent_covered_display": "14", "missing_lines": 18, "excluded_lines": 0}, "missing_lines": [67, 68, 69, 70, 71, 72, 73, 74, 75, 76, 87, 96, 97, 98, 99, 100, 101, 102], "excluded_lines": []}, "InsightsVisualizer.plot_top_movies": {"executed_lines": [105, 106, 107, 109, 110, 117, 118, 119], "summary": {"covered_lines": 8, "num_statements": 27, "percent_covered": 29.62962962962963, "percent_covered_display": "30", "missing_lines": 19, "excluded_lines": 0}, "missing_lines": [111, 112, 113, 114, 115, 116, 120, 121, 127, 128, 129, 130, 131, 132, 139, 140, 141, 142, 143], "excluded_lines": []}, "InsightsVisualizer.plot_genre_popularity": {"executed_lines": [146, 147, 149], "summary": {"covered_lines": 3, "num_statements": 24, "percent_covered": 12.5, "percent_covered_display": "12", "missing_lines": 21, "excluded_lines": 0}, "missing_lines": [150, 151, 152, 153, 154, 155, 156, 157, 158, 167, 168, 169, 170, 171, 172, 173, 181, 182, 183, 184, 185], "excluded_lines": []}, "InsightsVisualizer.plot_time_series": {"executed_lines": [], "summary": {"covered_lines": 0, "num_statements": 33, "percent_covered": 0.0, "percent_covered_display": "0", "missing_lines": 33, "excluded_lines": 0}, "missing_lines": [188, 189, 191, 192, 193, 194, 195, 196, 197, 198, 199, 200, 201, 207, 210, 211, 212, 213, 214, 215, 223, 229, 230, 231, 232, 233, 234, 235, 236, 237, 238, 239, 240], "excluded_lines": []}, "InsightsVisualizer.plot_user_activity": {"executed_lines": [243, 244, 245], "summary": {"covered_lines": 3, "num_statements": 17, "percent_covered": 17.647058823529413, "percent_covered_display": "18", "missing_lines": 14, "excluded_lines": 0}, "missing_lines": [246, 247, 248, 249, 257, 258, 268, 277, 278, 279, 280, 281, 282, 283], "excluded_lines": []}, "InsightsVisualizer.plot_rating_heatmap": {"executed_lines": [], "summary": {"covered_lines": 0, "num_statements": 18, "percent_covered": 0.0, "percent_covered_display": "0", "missing_lines": 18, "excluded_lines": 0}, "missing_lines": [286, 287, 292, 293, 294, 295, 304, 305, 307, 308, 316, 317, 318, 319, 320, 321, 322, 323], "excluded_lines": []}, "InsightsVisualizer.plot_genre_trends_over_time": {"executed_lines": [], "summary": {"covered_lines": 0, "num_statements": 29, "percent_covered": 0.0, "percent_covered_display": "0", "missing_lines": 29, "excluded_lines": 0}, "missing_lines": [326, 327, 329, 330, 331, 332, 333, 334, 335, 336, 337, 338, 339, 340, 341, 342, 343, 352, 353, 354, 355, 356, 357, 358, 359, 360, 361, 362, 363], "excluded_lines": []}, "InsightsVisualizer.plot_correlation_analysis": {"executed_lines": [], "summary": {"covered_lines": 0, "num_statements": 19, "percent_covered": 0.0, "percent_covered_display": "0", "missing_lines": 19, "excluded_lines": 0}, "missing_lines": [366, 367, 377, 378, 379, 380, 381, 382, 383, 384, 385, 386, 387, 398, 399, 400, 401, 402, 403], "excluded_lines": []}, "InsightsVisualizer.plot_comprehensive_statistics": {"executed_lines": [], "summary": {"covered_lines": 0, "num_statements": 70, "percent_covered": 0.0, "percent_covered_display": "0", "missing_lines": 70, "excluded_lines": 0}, "missing_lines": [407, 410, 413, 427, 429, 432, 435, 436, 437, 438, 445, 452, 459, 466, 467, 468, 469, 470, 473, 477, 478, 479, 480, 481, 484, 485, 486, 487, 488, 489, 492, 493, 494, 503, 504, 507, 515, 516, 517, 518, 521, 522, 523, 528, 529, 532, 535, 536, 537, 538, 539, 540, 543, 544, 547, 550, 551, 552, 553, 554, 557, 558, 559, 562, 568, 570, 571, 572, 573, 574], "excluded_lines": []}, "InsightsVisualizer.plot_advanced_heatmaps": {"executed_lines": [], "summary": {"covered_lines": 0, "num_statements": 58, "percent_covered": 0.0, "percent_covered_display": "0", "missing_lines": 58, "excluded_lines": 0}, "missing_lines": [578, 580, 583, 584, 585, 587, 590, 591, 592, 595, 598, 607, 609, 617, 618, 619, 622, 627, 629, 638, 639, 640, 644, 645, 647, 652, 656, 664, 665, 666, 670, 673, 674, 675, 678, 679, 682, 683, 684, 685, 686, 687, 688, 690, 691, 692, 695, 696, 707, 708, 709, 711, 719, 721, 722, 723, 724, 725], "excluded_lines": []}, "InsightsVisualizer.plot_percentage_analysis": {"executed_lines": [], "summary": {"covered_lines": 0, "num_statements": 53, "percent_covered": 0.0, "percent_covered_display": "0", "missing_lines": 53, "excluded_lines": 0}, "missing_lines": [729, 731, 732, 735, 736, 737, 739, 742, 743, 745, 746, 753, 757, 758, 759, 760, 762, 768, 769, 770, 771, 774, 775, 784, 787, 788, 791, 793, 794, 800, 801, 809, 812, 813, 815, 816, 817, 819, 820, 823, 824, 825, 826, 827, 830, 831, 839, 847, 849, 850, 851, 852, 853], "excluded_lines": []}, "": {"executed_lines": [1, 2, 3, 5, 6, 7, 8, 10, 11, 12, 13, 14, 17, 18, 49, 63, 104, 145, 187, 242, 285, 325, 365, 405, 576, 727], "summary": {"covered_lines": 25, "num_statements": 25, "percent_covered": 100.0, "percent_covered_display": "100", "missing_lines": 0, "excluded_lines": 0}, "missing_lines": [], "excluded_lines": []}}, "classes": {"InsightsVisualizer": {"executed_lines": [60, 61, 64, 65, 66, 105, 106, 107, 109, 110, 117, 118, 119, 146, 147, 149, 243, 244, 245], "summary": {"covered_lines": 19, "num_statements": 371, "percent_covered": 5.121293800539084, "percent_covered_display": "5", "missing_lines": 352, "excluded_lines": 0}, "missing_lines": [67, 68, 69, 70, 71, 72, 73, 74, 75, 76, 87, 96, 97, 98, 99, 100, 101, 102, 111, 112, 113, 114, 115, 116, 120, 121, 127, 128, 129, 130, 131, 132, 139, 140, 141, 142, 143, 150, 151, 152, 153, 154, 155, 156, 157, 158, 167, 168, 169, 170, 171, 172, 173, 181, 182, 183, 184, 185, 188, 189, 191, 192, 193, 194, 195, 196, 197, 198, 199, 200, 201, 207, 210, 211, 212, 213, 214, 215, 223, 229, 230, 231, 232, 233, 234, 235, 236, 237, 238, 239, 240, 246, 247, 248, 249, 257, 258, 268, 277, 278, 279, 280, 281, 282, 283, 286, 287, 292, 293, 294, 295, 304, 305, 307, 308, 316, 317, 318, 319, 320, 321, 322, 323, 326, 327, 329, 330, 331, 332, 333, 334, 335, 336, 337, 338, 339, 340, 341, 342, 343, 352, 353, 354, 355, 356, 357, 358, 359, 360, 361, 362, 363, 366, 367, 377, 378, 379, 380, 381, 382, 383, 384, 385, 386, 387, 398, 399, 400, 401, 402, 403, 407, 410, 413, 427, 429, 432, 435, 436, 437, 438, 445, 452, 459, 466, 467, 468, 469, 470, 473, 477, 478, 479, 480, 481, 484, 485, 486, 487, 488, 489, 492, 493, 494, 503, 504, 507, 515, 516, 517, 518, 521, 522, 523, 528, 529, 532, 535, 536, 537, 538, 539, 540, 543, 544, 547, 550, 551, 552, 553, 554, 557, 558, 559, 562, 568, 570, 571, 572, 573, 574, 578, 580, 583, 584, 585, 587, 590, 591, 592, 595, 598, 607, 609, 617, 618, 619, 622, 627, 629, 638, 639, 640, 644, 645, 647, 652, 656, 664, 665, 666, 670, 673, 674, 675, 678, 679, 682, 683, 684, 685, 686, 687, 688, 690, 691, 692, 695, 696, 707, 708, 709, 711, 719, 721, 722, 723, 724, 725, 729, 731, 732, 735, 736, 737, 739, 742, 743, 745, 746, 753, 757, 758, 759, 760, 762, 768, 769, 770, 771, 774, 775, 784, 787, 788, 791, 793, 794, 800, 801, 809, 812, 813, 815, 816, 817, 819, 820, 823, 824, 825, 826, 827, 830, 831, 839, 847, 849, 850, 851, 852, 853], "excluded_lines": []}, "": {"executed_lines": [1, 2, 3, 5, 6, 7, 8, 10, 11, 12, 13, 14, 17, 18, 49, 63, 104, 145, 187, 242, 285, 325, 365, 405, 576, 727], "summary": {"covered_lines": 25, "num_statements": 25, "percent_covered": 100.0, "percent_covered_display": "100", "missing_lines": 0, "excluded_lines": 0}, "missing_lines": [], "excluded_lines": []}}}}, "totals": {"covered_lines": 84, "num_statements": 599, "percent_covered": 14.023372287145243, "percent_covered_display": "14", "missing_lines": 515, "excluded_lines": 0}}